<?xml version="1.0" encoding="UTF-8"?>
<!-- Generated by org.testng.reporters.JUnitXMLReporter -->
<testsuite ignored="0" hostname="LAPTOP-BADH85B6" failures="0" tests="3" name="My suite" time="0.086" errors="0" timestamp="2022-04-12T22:22:54 MST">
  <testcase classname="dependency.DependsOnGroupsxml" name="step2" time="0.016"/>
  <testcase classname="dependency.DependsOnGroupsxml" name="step1" time="0.002"/>
  <testcase classname="dependency.DependsOnGroupsxml" name="step3" time="0.002"/>
</testsuite> <!-- My suite -->
